TN:
SF:lib/core/models/models.dart
FNF:0
FNH:0
DA:19,2
DA:24,1
DA:25,1
DA:26,1
DA:27,1
DA:28,1
DA:36,3
DA:37,1
DA:38,1
DA:39,1
DA:40,1
LF:11
LH:11
end_of_record
TN:
SF:lib/core/models/org_details_model.dart
FNF:0
FNH:0
DA:24,1
DA:35,1
DA:42,1
DA:43,1
DA:44,1
DA:45,1
DA:46,1
DA:47,1
LF:8
LH:8
end_of_record
TN:
SF:lib/core/models/user_model.dart
FNF:0
FNH:0
DA:18,8
DA:28,3
DA:29,3
DA:30,3
DA:31,3
DA:32,3
DA:33,3
DA:40,3
DA:41,3
DA:42,3
DA:43,3
DA:44,3
DA:45,3
LF:13
LH:13
end_of_record
TN:
SF:lib/core/network/appwrite_config.dart
FNF:0
FNH:0
DA:13,5
DA:15,5
DA:16,5
DA:17,5
DA:18,5
DA:21,2
LF:6
LH:6
end_of_record
TN:
SF:lib/core/network/dependency_injection.dart
FNF:0
FNH:0
DA:10,45
DA:15,1
DA:16,3
DA:17,3
DA:18,3
LF:5
LH:5
end_of_record
TN:
SF:lib/core/services/auth_service.dart
FNF:0
FNH:0
DA:23,2
DA:27,4
DA:28,4
DA:29,2
DA:34,1
DA:36,2
DA:37,1
DA:43,3
DA:52,1
DA:58,2
DA:63,2
DA:65,2
DA:68,2
DA:72,2
DA:73,2
DA:74,2
DA:78,0
DA:80,0
DA:82,1
DA:83,3
DA:87,1
DA:88,2
DA:89,2
DA:92,1
DA:94,2
DA:95,4
DA:97,1
DA:98,3
LF:28
LH:26
end_of_record
TN:
SF:lib/core/services/excel_services.dart
FNF:0
FNH:0
DA:22,4
DA:23,1
DA:29,2
DA:30,1
DA:33,2
DA:44,2
DA:45,1
DA:47,2
DA:48,1
DA:49,2
DA:50,2
DA:51,2
DA:52,2
DA:53,1
DA:54,1
DA:59,1
DA:60,2
DA:61,1
DA:63,0
DA:64,0
DA:65,0
DA:66,0
DA:69,1
DA:71,0
DA:75,2
DA:81,4
DA:82,2
DA:85,4
DA:97,3
DA:98,1
DA:100,2
DA:101,1
DA:102,2
DA:103,2
DA:104,2
DA:105,2
DA:106,1
DA:107,1
DA:108,1
DA:113,2
DA:114,4
DA:115,2
DA:117,0
DA:118,0
DA:119,0
DA:120,0
DA:123,2
DA:125,0
DA:129,1
DA:135,2
DA:136,1
DA:139,2
DA:142,2
DA:143,1
DA:145,2
DA:146,1
DA:147,2
DA:148,2
DA:149,2
DA:150,1
DA:155,1
DA:156,2
DA:157,1
DA:159,0
DA:160,0
DA:161,0
DA:162,0
DA:165,1
DA:167,0
DA:171,1
DA:177,2
DA:178,1
DA:181,2
DA:195,2
DA:196,3
DA:198,5
DA:200,2
DA:201,1
DA:202,1
DA:203,1
DA:204,1
DA:205,1
DA:206,1
DA:207,1
DA:208,1
DA:210,1
DA:215,1
DA:216,2
DA:217,1
DA:219,0
DA:220,0
DA:221,0
DA:222,0
DA:225,1
DA:227,0
LF:95
LH:75
end_of_record
TN:
SF:lib/core/utils/preferences.dart
FNF:0
FNH:0
DA:13,6
DA:19,2
DA:22,2
DA:23,2
DA:27,1
DA:28,1
DA:38,1
DA:40,0
DA:48,1
DA:49,2
DA:54,3
DA:57,3
DA:60,1
DA:61,2
DA:62,2
DA:66,1
DA:67,2
DA:69,2
DA:73,3
DA:76,3
DA:79,3
DA:82,3
DA:85,1
DA:86,2
DA:89,3
DA:92,1
DA:93,1
DA:95,0
LF:28
LH:26
end_of_record
TN:
SF:lib/core/utils/state_map.dart
FNF:0
FNH:0
DA:1,6
DA:2,2
DA:3,2
DA:4,2
DA:5,2
DA:6,2
DA:7,2
DA:8,2
DA:9,2
DA:10,2
DA:11,2
DA:12,2
DA:13,2
DA:14,2
DA:15,2
DA:16,2
DA:17,2
DA:18,2
DA:19,2
DA:20,2
DA:21,2
DA:22,2
DA:23,2
DA:24,2
DA:25,2
DA:26,2
DA:27,2
DA:28,2
DA:29,2
DA:32,2
DA:33,2
DA:34,2
DA:35,2
DA:36,2
DA:37,2
DA:38,2
DA:39,2
LF:37
LH:37
end_of_record
TN:
SF:lib/screens/dashboard/dashboard_cubit.dart
FNF:0
FNH:0
DA:24,1
DA:28,0
DA:29,0
DA:30,0
DA:31,1
DA:42,1
DA:45,1
DA:46,2
DA:49,2
DA:50,2
DA:52,1
DA:53,1
DA:54,3
DA:56,3
DA:61,2
DA:64,1
DA:67,2
DA:72,2
DA:75,1
DA:78,2
DA:82,3
DA:83,1
DA:86,1
DA:87,2
DA:88,1
DA:89,1
DA:90,1
DA:91,1
DA:92,1
DA:97,1
DA:98,5
DA:101,1
DA:102,3
DA:105,1
DA:106,2
DA:107,1
LF:36
LH:33
end_of_record
TN:
SF:lib/screens/dashboard/dashboard_state.dart
FNF:0
FNH:0
DA:31,60
DA:42,1
DA:51,1
DA:52,1
DA:53,1
DA:54,1
DA:55,1
DA:56,1
DA:57,1
DA:58,1
LF:10
LH:10
end_of_record
TN:
SF:lib/screens/dashboard/widget/graph_card.dart
FNF:0
FNH:0
DA:6,1
DA:8,1
DA:9,1
DA:17,1
DA:19,1
DA:20,2
DA:24,3
DA:25,2
DA:28,1
DA:30,2
DA:31,1
DA:34,1
DA:36,1
DA:37,1
DA:38,1
DA:39,2
DA:41,2
DA:42,1
DA:43,1
DA:44,1
DA:46,1
DA:47,1
DA:49,1
DA:50,1
DA:51,1
DA:52,1
DA:53,1
DA:54,1
DA:55,1
DA:73,1
DA:74,1
DA:81,1
DA:82,1
DA:83,2
LF:34
LH:34
end_of_record
TN:
SF:lib/screens/dashboard/widget/hover_stat_card.dart
FNF:0
FNH:0
DA:7,1
DA:9,1
DA:10,1
DA:18,1
DA:20,1
DA:21,2
DA:27,1
DA:29,2
DA:30,1
DA:33,0
DA:34,0
DA:35,0
DA:38,0
DA:39,0
DA:40,0
DA:41,0
DA:44,1
DA:46,1
DA:48,1
DA:49,1
DA:50,1
DA:51,1
DA:53,1
DA:57,1
DA:58,2
DA:59,1
DA:60,1
DA:61,1
DA:62,2
DA:63,1
DA:68,1
DA:70,1
DA:71,1
DA:72,1
DA:73,1
DA:75,4
DA:76,1
DA:78,1
DA:79,3
DA:85,1
DA:86,3
DA:90,1
DA:91,3
LF:43
LH:36
end_of_record
TN:
SF:lib/screens/device_details/device_details_cubit.dart
FNF:0
FNH:0
DA:19,3
DA:25,1
DA:26,1
DA:32,1
DA:33,3
DA:35,1
DA:36,1
DA:37,2
DA:38,2
DA:40,0
DA:41,0
DA:47,0
DA:49,0
DA:54,1
DA:55,3
DA:59,1
DA:60,3
DA:64,1
DA:65,2
DA:67,1
DA:68,2
DA:69,3
DA:71,0
DA:72,0
DA:73,0
DA:74,0
DA:75,1
DA:77,3
DA:81,0
DA:83,0
DA:85,0
DA:88,0
LF:32
LH:20
end_of_record
TN:
SF:lib/screens/device_details/device_details_state.dart
FNF:0
FNH:0
DA:30,3
DA:41,2
DA:42,1
DA:43,1
DA:52,3
DA:61,3
DA:62,3
DA:63,2
DA:64,3
DA:65,3
DA:66,2
DA:67,2
DA:68,3
LF:13
LH:13
end_of_record
TN:
SF:lib/screens/device_details/device_edit/device_edit_cubit.dart
FNF:0
FNH:0
DA:21,2
DA:22,2
DA:24,1
DA:25,3
DA:26,3
DA:27,1
DA:35,1
DA:36,2
DA:38,2
DA:41,4
DA:44,2
DA:45,2
DA:46,4
DA:49,2
DA:51,2
DA:59,1
DA:60,2
DA:61,2
DA:62,2
DA:64,2
DA:67,1
DA:68,1
DA:69,3
DA:70,3
DA:74,0
DA:77,0
DA:80,0
DA:81,0
DA:82,0
DA:86,0
DA:87,0
DA:92,0
DA:94,3
DA:97,4
DA:101,1
DA:103,2
DA:104,2
DA:105,2
DA:106,1
LF:39
LH:31
end_of_record
TN:
SF:lib/screens/device_details/device_edit/device_edit_state.dart
FNF:0
FNH:0
DA:25,2
LF:1
LH:1
end_of_record
TN:
SF:lib/screens/device_details/device_edit/device_edit_view.dart
FNF:0
FNH:0
DA:25,2
DA:32,2
DA:34,5
DA:35,1
DA:37,1
DA:39,1
DA:40,2
DA:41,3
DA:57,1
DA:59,1
DA:61,1
DA:63,1
DA:64,1
DA:65,1
DA:66,2
DA:69,2
DA:70,1
DA:71,1
DA:73,4
DA:76,1
DA:78,1
DA:80,1
DA:81,1
DA:83,1
DA:84,1
DA:85,2
DA:86,2
LF:27
LH:27
end_of_record
TN:
SF:lib/screens/device_details/device_edit/widgets/device_editform.dart
FNF:0
FNH:0
DA:9,2
DA:11,2
DA:13,1
DA:15,1
DA:17,2
DA:23,2
DA:24,2
DA:25,2
DA:26,2
DA:32,1
DA:34,1
DA:44,2
DA:46,1
DA:48,4
DA:53,1
DA:55,2
DA:60,1
DA:62,2
DA:67,1
DA:69,1
DA:70,1
DA:71,2
DA:72,1
DA:74,1
DA:75,1
DA:91,1
DA:92,1
DA:93,1
DA:95,1
DA:96,1
LF:30
LH:30
end_of_record
TN:
SF:lib/screens/device_details/device_edit/widgets/device_info_card.dart
FNF:0
FNH:0
DA:11,2
DA:13,2
DA:16,5
DA:18,1
DA:20,1
DA:23,1
DA:29,1
DA:30,1
DA:31,1
DA:32,1
DA:37,1
DA:39,1
DA:41,1
DA:42,1
DA:44,1
DA:45,2
DA:53,1
DA:54,2
DA:57,1
DA:58,2
DA:62,1
DA:63,1
DA:64,1
DA:65,3
DA:68,1
DA:71,1
DA:72,3
DA:75,1
DA:80,1
DA:81,1
DA:82,1
DA:85,1
DA:88,1
DA:91,2
LF:34
LH:34
end_of_record
TN:
SF:lib/screens/device_details/device_edit/widgets/device_stat_card.dart
FNF:0
FNH:0
DA:9,2
DA:17,2
DA:19,2
DA:20,2
DA:21,2
DA:22,2
DA:23,10
DA:27,2
DA:28,2
DA:29,2
DA:30,4
DA:36,2
DA:38,2
DA:39,2
DA:40,2
DA:42,2
DA:44,2
DA:46,4
DA:49,2
DA:52,2
DA:53,2
DA:54,2
DA:61,2
DA:62,2
DA:63,2
DA:64,2
LF:26
LH:26
end_of_record
TN:
SF:lib/screens/device_details/device_edit/widgets/device_textfield.dart
FNF:0
FNH:0
DA:9,2
DA:17,2
DA:19,2
DA:21,2
DA:22,4
DA:24,2
DA:25,2
DA:26,2
DA:27,2
DA:28,2
DA:32,4
LF:11
LH:11
end_of_record
TN:
SF:lib/screens/device_details/device_edit/widgets/device_tile_card.dart
FNF:0
FNH:0
DA:8,2
DA:15,2
DA:17,2
DA:18,2
DA:20,2
DA:26,2
DA:27,2
DA:28,2
DA:29,2
DA:34,4
DA:36,2
DA:38,2
DA:39,4
DA:41,2
DA:42,2
DA:51,2
DA:52,2
DA:53,4
LF:18
LH:18
end_of_record
TN:
SF:lib/screens/device_details/widgets/device_details_filters.dart
FNF:0
FNH:0
DA:10,1
DA:16,1
DA:18,1
DA:20,1
DA:21,1
DA:22,1
DA:23,1
DA:24,1
DA:25,1
DA:28,2
DA:29,1
DA:30,4
DA:32,2
DA:33,0
DA:37,1
DA:38,1
DA:41,2
DA:42,1
DA:43,1
DA:44,3
DA:47,2
DA:48,0
DA:52,1
DA:54,1
DA:55,2
DA:56,1
DA:69,1
DA:70,2
LF:28
LH:26
end_of_record
TN:
SF:lib/screens/device_details/widgets/device_details_header.dart
FNF:0
FNH:0
DA:6,58
DA:8,1
DA:10,1
DA:18,1
DA:20,1
DA:31,1
DA:34,0
LF:7
LH:6
end_of_record
TN:
SF:lib/screens/device_details/widgets/device_table.dart
FNF:0
FNH:0
DA:11,1
DA:13,1
DA:15,1
DA:19,2
DA:20,1
DA:21,2
DA:24,1
DA:25,0
DA:29,1
DA:30,1
DA:31,1
DA:32,1
DA:33,1
DA:34,1
DA:35,1
DA:36,1
DA:37,1
DA:40,2
DA:41,3
DA:42,1
DA:46,1
DA:47,1
DA:48,1
DA:55,1
DA:56,1
DA:57,1
DA:58,1
DA:59,2
DA:60,2
DA:61,2
DA:62,2
DA:63,2
DA:64,3
DA:65,2
DA:66,1
DA:67,1
DA:68,2
DA:76,1
DA:77,1
DA:78,1
DA:79,2
DA:80,1
DA:81,1
DA:90,1
DA:91,1
DA:95,2
DA:98,1
DA:99,4
DA:101,1
DA:102,1
DA:103,1
DA:104,0
LF:52
LH:50
end_of_record
TN:
SF:lib/screens/device_registration/device_registration_state.dart
FNF:0
FNH:0
DA:45,60
DA:61,1
DA:79,1
DA:80,1
DA:81,1
DA:84,0
DA:85,1
DA:88,0
DA:89,1
DA:92,0
DA:93,1
DA:94,1
DA:95,1
DA:96,1
DA:97,1
DA:98,1
DA:101,1
DA:102,1
DA:103,1
DA:107,1
DA:108,1
DA:109,1
DA:110,1
DA:111,1
DA:112,1
DA:113,1
DA:114,1
DA:115,1
DA:116,1
DA:117,1
DA:118,1
DA:119,1
DA:120,1
LF:33
LH:30
end_of_record
TN:
SF:lib/screens/device_registration/device_registration_view.dart
FNF:0
FNH:0
DA:13,57
DA:15,0
DA:18,0
DA:20,0
DA:22,0
DA:23,0
DA:24,0
DA:35,58
DA:37,1
DA:38,1
DA:51,1
DA:53,1
DA:55,3
DA:56,3
DA:57,3
DA:58,3
DA:61,0
DA:62,0
DA:63,0
DA:67,0
DA:68,0
DA:71,0
DA:72,0
DA:73,0
DA:77,0
DA:78,0
DA:81,1
DA:83,2
DA:84,2
DA:85,2
DA:86,2
DA:87,1
DA:90,1
DA:92,1
DA:93,1
DA:95,1
DA:96,0
DA:98,0
DA:99,0
DA:103,1
DA:104,0
DA:109,0
DA:110,0
DA:111,0
DA:112,0
DA:113,0
DA:115,0
DA:118,1
DA:119,1
DA:121,1
DA:123,1
DA:125,1
DA:126,1
DA:128,1
DA:129,1
DA:130,1
DA:132,1
DA:133,1
DA:146,1
DA:149,1
DA:150,1
DA:152,1
DA:154,1
DA:155,1
DA:157,1
DA:159,0
DA:160,1
DA:166,1
DA:167,1
DA:171,1
DA:197,1
DA:198,1
DA:199,1
DA:200,2
DA:201,1
DA:202,1
DA:204,1
DA:205,1
DA:207,0
DA:208,0
DA:209,0
DA:213,2
DA:214,1
DA:216,1
DA:220,1
DA:222,1
DA:227,2
DA:228,1
DA:230,1
DA:234,1
DA:236,1
DA:246,1
DA:250,1
DA:252,5
DA:253,1
DA:255,0
DA:256,0
DA:257,0
DA:259,0
DA:260,0
DA:261,0
DA:269,1
DA:270,1
DA:272,1
DA:275,1
DA:276,2
DA:277,1
DA:283,1
DA:289,1
DA:296,1
DA:298,1
DA:299,1
DA:301,1
DA:305,1
DA:308,0
DA:309,0
DA:311,0
DA:319,1
DA:327,1
DA:329,1
DA:330,1
DA:332,1
DA:336,1
DA:337,2
DA:339,1
DA:345,1
DA:346,1
DA:348,1
DA:352,0
DA:353,0
DA:355,0
DA:363,1
DA:364,1
DA:370,1
DA:371,1
DA:374,1
DA:375,1
DA:378,1
DA:379,1
DA:386,1
DA:387,1
DA:388,1
DA:389,1
DA:390,1
DA:396,0
DA:397,0
DA:398,0
LF:147
LH:102
end_of_record
TN:
SF:lib/screens/doctor_details/doctor_details_state.dart
FNF:0
FNH:0
DA:27,62
DA:37,1
DA:47,1
DA:55,1
DA:56,0
DA:57,0
DA:58,0
DA:59,0
DA:60,0
DA:65,1
DA:66,1
DA:67,1
DA:68,1
DA:69,1
DA:70,1
DA:71,1
DA:72,1
LF:17
LH:12
end_of_record
TN:
SF:lib/screens/doctor_details/doctoredit/doctor_edit_cubit.dart
FNF:0
FNH:0
DA:19,3
DA:20,6
DA:23,3
DA:24,9
DA:25,12
DA:26,9
DA:27,6
DA:31,2
DA:32,4
DA:34,2
DA:35,6
DA:37,6
DA:40,4
DA:43,2
DA:47,0
DA:49,0
DA:50,0
DA:55,0
DA:57,3
DA:59,1
DA:60,1
DA:62,0
DA:67,3
DA:69,6
DA:70,6
DA:71,6
DA:72,3
LF:27
LH:22
end_of_record
TN:
SF:lib/screens/doctor_details/doctoredit/doctor_edit_popup.dart
FNF:0
FNH:0
DA:27,2
DA:34,2
DA:36,2
DA:37,2
DA:38,1
DA:39,6
DA:40,1
DA:42,2
DA:45,2
DA:46,1
DA:47,1
DA:49,1
DA:52,1
DA:54,1
DA:55,1
DA:57,1
DA:58,1
DA:60,1
DA:62,1
DA:64,1
DA:66,1
DA:67,1
DA:69,1
DA:71,1
DA:72,1
DA:78,1
DA:79,2
DA:83,1
DA:85,1
DA:86,0
DA:87,1
DA:88,1
DA:89,1
DA:98,1
DA:99,1
DA:100,1
DA:101,3
DA:104,1
DA:107,1
DA:108,3
DA:111,1
DA:120,1
DA:122,1
DA:124,1
DA:126,1
DA:133,1
DA:135,1
DA:140,1
DA:142,1
DA:147,1
DA:149,1
DA:155,1
DA:157,1
DA:158,1
DA:160,3
DA:161,1
DA:165,1
DA:166,1
DA:178,1
DA:179,1
DA:180,1
DA:182,1
DA:183,1
DA:193,1
DA:194,1
LF:65
LH:64
end_of_record
TN:
SF:lib/screens/doctor_details/widgets/doctor_details_filter.dart
FNF:0
FNH:0
DA:12,1
DA:18,1
DA:20,1
DA:22,1
DA:23,1
DA:24,1
DA:25,1
DA:26,1
DA:27,1
DA:30,2
DA:31,1
DA:32,4
DA:34,0
DA:35,0
DA:39,1
DA:40,1
DA:43,2
DA:44,1
DA:45,4
DA:47,0
DA:48,0
DA:52,1
DA:54,1
DA:55,2
DA:56,1
DA:69,1
DA:70,2
LF:27
LH:23
end_of_record
TN:
SF:lib/screens/doctor_details/widgets/doctor_details_table.dart
FNF:0
FNH:0
DA:11,1
DA:13,1
DA:15,3
DA:21,1
DA:25,2
DA:26,1
DA:27,2
DA:30,1
DA:31,0
DA:35,1
DA:36,1
DA:37,1
DA:38,1
DA:39,1
DA:40,1
DA:41,1
DA:42,1
DA:43,1
DA:44,1
DA:47,2
DA:48,3
DA:49,1
DA:53,1
DA:54,1
DA:55,1
DA:62,1
DA:63,1
DA:64,1
DA:65,1
DA:66,2
DA:67,2
DA:68,2
DA:69,2
DA:70,2
DA:71,3
DA:72,3
DA:73,2
DA:74,1
DA:75,1
DA:76,2
DA:84,1
DA:85,1
DA:86,1
DA:87,2
DA:88,1
DA:89,1
DA:98,1
DA:99,1
DA:103,2
DA:106,1
DA:107,4
DA:109,1
DA:110,1
DA:111,1
DA:112,2
LF:55
LH:54
end_of_record
TN:
SF:lib/screens/generate_qr_page.dart
FNF:0
FNH:0
DA:18,58
DA:20,1
DA:21,1
DA:35,1
DA:37,1
DA:39,1
DA:42,1
DA:44,1
DA:45,1
DA:47,1
DA:48,1
DA:49,1
DA:52,1
DA:58,1
DA:65,1
DA:67,1
DA:69,1
DA:70,1
DA:72,1
DA:74,1
DA:75,2
DA:78,1
DA:79,1
DA:80,3
DA:81,3
DA:82,4
DA:90,1
DA:91,1
DA:92,1
DA:93,1
DA:94,1
DA:99,1
DA:100,1
DA:111,2
DA:112,2
DA:122,1
DA:123,1
DA:124,1
DA:130,1
DA:131,1
DA:132,1
DA:135,4
DA:139,1
DA:140,1
DA:141,2
DA:144,1
DA:145,1
DA:147,1
DA:148,1
DA:149,1
DA:150,4
DA:154,1
DA:155,1
DA:166,1
DA:167,3
DA:168,3
DA:169,2
DA:170,4
DA:171,1
DA:172,1
DA:178,1
DA:179,1
DA:181,2
DA:184,2
DA:190,1
DA:191,1
DA:192,1
DA:193,1
DA:194,1
DA:200,1
DA:203,3
DA:204,1
DA:205,1
DA:206,0
DA:208,0
DA:209,0
DA:211,0
DA:212,0
DA:213,0
DA:214,0
DA:216,0
LF:81
LH:73
end_of_record
TN:
SF:lib/screens/login/login_cubit.dart
FNF:0
FNH:0
DA:18,6
DA:30,2
DA:31,4
DA:32,6
DA:39,1
DA:40,2
DA:43,2
DA:44,2
DA:45,2
DA:49,2
DA:52,3
DA:53,1
DA:54,0
DA:63,2
DA:66,3
LF:15
LH:14
end_of_record
TN:
SF:lib/screens/login/login_state.dart
FNF:0
FNH:0
DA:20,2
DA:27,2
LF:2
LH:2
end_of_record
TN:
SF:lib/screens/login/login_view.dart
FNF:0
FNH:0
DA:12,57
DA:14,0
DA:16,0
DA:17,0
DA:24,58
DA:26,1
DA:27,1
DA:32,1
DA:35,1
DA:36,2
DA:37,2
DA:39,1
DA:41,1
DA:42,1
DA:44,1
DA:45,1
DA:46,1
DA:48,1
DA:69,1
DA:70,4
DA:72,4
DA:74,1
DA:80,0
DA:92,1
DA:93,1
DA:94,1
DA:96,1
DA:97,1
DA:99,1
DA:101,1
DA:102,0
DA:104,1
DA:105,1
DA:108,1
DA:111,1
DA:127,1
DA:128,1
DA:130,1
DA:137,1
DA:138,1
DA:141,1
DA:144,1
DA:145,1
DA:146,1
DA:152,2
DA:158,1
DA:159,0
DA:160,0
DA:161,0
DA:163,0
DA:168,1
DA:170,1
DA:171,1
DA:172,1
DA:173,0
DA:175,1
DA:178,2
DA:179,1
DA:193,1
DA:194,1
DA:196,0
DA:197,0
DA:210,1
DA:211,1
DA:215,1
DA:231,1
DA:232,0
DA:249,1
DA:250,1
DA:253,1
DA:260,1
DA:261,1
DA:264,1
DA:265,1
LF:74
LH:61
end_of_record
TN:
SF:lib/screens/login/widgets/captcha_checkbox.dart
FNF:0
FNH:0
DA:7,3
DA:9,2
DA:10,2
DA:17,1
DA:18,1
DA:19,1
DA:22,2
DA:23,1
DA:35,1
DA:36,1
DA:37,3
DA:43,1
DA:44,1
DA:45,1
DA:48,0
DA:55,1
DA:56,0
DA:57,0
DA:58,0
DA:60,0
DA:64,2
DA:66,2
DA:68,4
DA:69,2
DA:70,2
DA:71,2
DA:72,2
DA:73,2
DA:74,1
DA:75,1
DA:76,0
DA:77,0
DA:79,1
DA:82,2
DA:90,2
DA:92,2
LF:36
LH:29
end_of_record
TN:
SF:lib/screens/mother_details/mother_details_state.dart
FNF:0
FNH:0
DA:31,68
DA:42,0
DA:54,0
DA:55,0
DA:56,0
DA:57,0
DA:58,0
DA:59,0
DA:60,0
DA:61,0
DA:65,0
DA:66,0
DA:67,0
DA:68,0
DA:69,0
DA:70,0
DA:71,0
DA:72,0
DA:73,0
LF:19
LH:1
end_of_record
TN:
SF:lib/screens/mother_details/widget/mother_details_table.dart
FNF:0
FNH:0
DA:8,2
DA:10,1
DA:12,2
DA:18,1
DA:22,2
DA:23,1
DA:24,2
DA:27,1
DA:28,0
DA:65,3
DA:66,1
DA:67,1
DA:68,1
DA:69,2
DA:70,2
DA:71,2
DA:72,2
DA:73,2
DA:76,1
DA:80,1
DA:81,1
DA:82,1
DA:83,2
DA:84,1
DA:85,1
LF:25
LH:24
end_of_record
TN:
SF:lib/screens/organization_details/organization_details_state.dart
FNF:0
FNH:0
DA:38,3
DA:53,0
DA:69,0
DA:70,0
DA:72,0
DA:73,0
DA:74,0
DA:75,0
DA:76,0
DA:77,0
DA:78,0
DA:79,0
DA:80,0
DA:81,0
DA:85,0
DA:86,0
DA:87,0
DA:88,0
DA:89,0
DA:90,0
DA:91,0
DA:92,0
DA:93,0
DA:94,0
DA:95,0
DA:96,0
DA:97,0
LF:27
LH:1
end_of_record
TN:
SF:lib/screens/organization_details/organization_details_view.dart
FNF:0
FNH:0
DA:15,57
DA:17,0
DA:19,0
DA:20,0
DA:30,58
DA:32,1
DA:34,1
DA:36,0
DA:38,0
DA:39,0
DA:41,0
DA:42,0
DA:44,0
DA:46,0
DA:47,0
DA:49,0
DA:50,0
DA:58,0
DA:60,0
DA:61,0
DA:71,0
DA:72,0
DA:75,0
DA:77,0
DA:79,0
LF:25
LH:4
end_of_record
TN:
SF:lib/screens/organization_details/widgets/edit_popup_widgets/stat_card.dart
FNF:0
FNH:0
DA:9,3
DA:17,3
DA:19,3
DA:20,3
DA:22,3
DA:23,3
DA:24,15
DA:28,3
DA:29,3
DA:30,3
DA:31,6
DA:37,3
DA:38,3
DA:39,3
DA:41,3
DA:42,3
DA:45,6
DA:48,3
DA:50,3
DA:51,3
DA:52,3
DA:59,3
DA:60,3
DA:61,3
DA:62,3
LF:25
LH:25
end_of_record
TN:
SF:lib/screens/organization_details/widgets/edit_popup_widgets/tile_card.dart
FNF:0
FNH:0
DA:7,2
DA:9,2
DA:11,2
DA:15,2
DA:21,2
DA:22,2
DA:23,2
DA:24,2
DA:29,4
DA:31,2
DA:34,2
DA:35,2
DA:36,2
DA:37,2
DA:38,2
DA:45,4
LF:16
LH:16
end_of_record
TN:
SF:lib/screens/organization_details/widgets/organization_edit_form.dart
FNF:0
FNH:0
DA:15,1
DA:24,1
DA:26,1
DA:27,2
DA:28,1
DA:30,1
DA:38,3
DA:40,3
DA:42,2
DA:44,2
DA:46,5
DA:48,4
DA:55,1
DA:56,1
DA:57,1
DA:58,1
DA:59,1
DA:61,1
DA:67,1
DA:69,1
DA:72,1
DA:73,1
DA:75,0
DA:83,1
DA:87,1
DA:88,1
DA:89,1
DA:90,1
DA:92,1
DA:100,1
DA:101,1
DA:103,1
DA:104,1
DA:106,0
DA:114,1
DA:115,1
DA:116,1
DA:117,1
DA:118,1
DA:120,1
DA:127,1
DA:128,1
DA:130,1
DA:139,1
DA:140,1
DA:142,1
DA:148,1
DA:154,1
DA:155,1
DA:156,1
DA:157,1
DA:160,1
DA:162,0
DA:167,1
DA:168,1
DA:170,1
DA:171,2
DA:172,2
DA:173,1
DA:174,1
DA:176,0
DA:184,1
DA:190,1
DA:192,1
DA:193,1
DA:194,0
DA:195,0
DA:196,0
DA:197,0
DA:202,0
DA:205,1
DA:207,2
DA:213,1
DA:215,1
DA:217,2
LF:75
LH:66
end_of_record
TN:
SF:lib/screens/organization_details/widgets/organization_info_panel.dart
FNF:0
FNH:0
DA:10,1
DA:16,1
DA:18,1
DA:20,1
DA:21,1
DA:22,1
DA:26,1
DA:27,1
DA:28,1
DA:29,1
DA:34,2
DA:36,1
DA:38,1
DA:39,1
DA:50,1
DA:51,2
DA:59,1
DA:60,2
DA:61,2
DA:64,2
DA:66,1
DA:67,1
DA:68,1
DA:69,1
DA:70,3
DA:73,1
DA:77,1
DA:78,1
DA:79,3
DA:82,1
DA:88,1
DA:91,4
DA:93,3
LF:33
LH:33
end_of_record
TN:
SF:lib/screens/organization_registration/organization_registration_state.dart
FNF:0
FNH:0
DA:21,57
DA:29,0
DA:34,0
DA:40,0
DA:41,0
DA:42,0
DA:43,0
DA:44,0
LF:8
LH:1
end_of_record
TN:
SF:lib/screens/register/register_cubit.dart
FNF:0
FNH:0
DA:16,4
DA:19,2
DA:20,6
DA:24,2
DA:25,6
DA:31,2
DA:33,6
DA:37,4
DA:38,4
DA:39,4
DA:43,2
DA:44,4
DA:55,10
LF:13
LH:13
end_of_record
TN:
SF:lib/screens/register/register_state.dart
FNF:0
FNH:0
DA:25,59
DA:34,2
DA:41,2
DA:42,2
DA:43,2
DA:44,2
DA:45,2
DA:46,2
DA:50,2
DA:51,12
LF:10
LH:10
end_of_record
TN:
SF:lib/screens/register/register_view.dart
FNF:0
FNH:0
DA:11,57
DA:13,0
DA:15,0
DA:16,0
DA:27,58
DA:29,1
DA:31,1
DA:32,1
DA:33,1
DA:34,1
DA:35,1
DA:37,1
DA:38,1
DA:40,1
DA:42,1
DA:43,2
DA:47,1
DA:49,1
DA:50,2
DA:56,1
DA:58,1
DA:60,3
DA:65,2
DA:66,1
DA:67,1
DA:68,1
DA:69,1
LF:27
LH:24
end_of_record
TN:
SF:lib/screens/splash/splash_view.dart
FNF:0
FNH:0
DA:8,58
DA:10,1
DA:11,1
DA:17,1
DA:19,1
DA:20,3
DA:21,1
DA:25,1
DA:26,2
DA:27,1
DA:29,1
DA:30,2
DA:35,1
DA:37,1
DA:38,2
DA:41,1
DA:42,2
DA:44,0
DA:48,1
DA:49,1
DA:50,1
DA:51,1
DA:52,1
DA:58,1
DA:60,1
LF:25
LH:24
end_of_record
TN:
SF:lib/utils/fetch_devices.dart
FNF:0
FNH:0
DA:19,2
DA:25,4
DA:31,2
DA:34,1
DA:35,2
DA:40,1
DA:41,1
DA:42,1
DA:43,1
DA:48,1
DA:49,2
DA:55,2
DA:62,1
DA:65,2
DA:66,1
LF:15
LH:15
end_of_record
TN:
SF:lib/utils/fetch_doctors.dart
FNF:0
FNH:0
DA:20,1
DA:26,2
DA:32,2
DA:35,1
DA:36,2
DA:42,1
DA:43,1
DA:44,1
DA:45,1
DA:50,1
DA:51,2
DA:57,1
DA:64,1
DA:67,2
DA:68,1
LF:15
LH:15
end_of_record
TN:
SF:lib/utils/fetch_organizations.dart
FNF:0
FNH:0
DA:19,1
DA:25,2
DA:31,2
DA:34,1
DA:35,2
DA:41,1
DA:42,1
DA:43,1
DA:44,1
DA:49,1
DA:50,2
DA:56,1
DA:63,1
DA:66,2
DA:67,1
LF:15
LH:15
end_of_record
TN:
SF:lib/utils/fetch_tests.dart
FNF:0
FNH:0
DA:4,1
DA:10,1
DA:16,2
DA:19,1
DA:20,2
DA:25,1
DA:26,1
DA:27,1
DA:28,1
DA:33,1
DA:34,2
DA:39,1
DA:45,1
DA:47,2
DA:48,1
LF:15
LH:15
end_of_record
TN:
SF:lib/utils/format_date.dart
FNF:0
FNH:0
DA:12,5
DA:14,5
DA:17,5
DA:19,10
LF:4
LH:4
end_of_record
TN:
SF:lib/widget/appbar.dart
FNF:0
FNH:0
DA:13,1
DA:18,1
DA:20,1
DA:21,1
DA:23,2
DA:26,1
DA:27,1
DA:29,1
DA:42,1
DA:48,1
DA:50,1
DA:51,1
DA:52,2
DA:54,1
DA:56,2
DA:57,1
DA:58,3
DA:60,2
LF:18
LH:18
end_of_record
TN:
SF:lib/widget/bottom_navigation_bar.dart
FNF:0
FNH:0
DA:15,58
DA:17,0
DA:18,0
DA:19,0
DA:20,0
DA:22,0
DA:26,1
DA:28,2
DA:30,1
DA:33,1
DA:35,1
DA:37,1
DA:38,1
DA:39,1
DA:41,1
DA:42,1
DA:43,0
DA:44,1
DA:46,1
DA:47,1
DA:56,1
DA:57,1
DA:65,1
DA:66,1
DA:68,1
DA:76,1
DA:77,0
DA:78,1
DA:80,1
DA:81,1
LF:30
LH:23
end_of_record
TN:
SF:lib/widget/columns.dart
FNF:0
FNH:0
DA:3,3
DA:4,3
DA:5,3
DA:6,3
DA:15,3
DA:23,3
DA:24,3
DA:31,3
DA:32,3
DA:35,3
DA:36,3
DA:39,3
DA:40,3
DA:46,3
DA:53,3
DA:55,3
DA:56,3
DA:58,3
DA:59,3
DA:65,3
DA:66,3
DA:67,3
DA:68,3
DA:74,3
DA:78,3
DA:81,0
DA:82,0
DA:84,0
DA:92,2
DA:100,2
DA:102,2
DA:104,2
DA:105,2
DA:107,2
DA:108,2
DA:114,2
DA:115,2
DA:116,2
DA:117,2
DA:123,2
DA:125,2
DA:128,2
DA:129,4
DA:131,2
DA:140,2
DA:142,2
DA:146,0
DA:147,0
LF:48
LH:43
end_of_record
TN:
SF:lib/widget/custom_date_picker.dart
FNF:0
FNH:0
DA:15,3
DA:24,3
DA:27,1
DA:29,1
DA:33,1
DA:34,1
DA:35,1
DA:37,3
DA:41,0
DA:42,0
DA:46,3
DA:53,3
DA:54,3
DA:57,3
DA:65,3
DA:67,3
DA:68,3
DA:73,3
DA:82,1
DA:83,1
DA:84,1
LF:21
LH:19
end_of_record
TN:
SF:lib/widget/sidebar.dart
FNF:0
FNH:0
DA:14,1
DA:15,2
DA:16,1
DA:17,1
DA:20,1
DA:22,1
DA:23,1
DA:26,0
DA:28,0
DA:31,1
DA:44,1
DA:89,2
DA:107,58
DA:109,1
DA:110,1
DA:116,1
DA:118,1
DA:119,4
DA:120,4
DA:121,1
DA:122,0
DA:123,0
DA:124,0
DA:125,0
DA:126,0
DA:129,1
DA:132,1
DA:133,2
DA:134,1
DA:136,1
DA:137,1
DA:138,2
DA:139,1
DA:140,2
DA:142,2
DA:144,3
DA:145,1
DA:146,2
DA:147,1
DA:148,1
DA:170,57
DA:176,1
DA:177,1
DA:184,1
DA:186,1
DA:187,1
DA:188,1
DA:189,0
DA:190,0
DA:191,1
DA:192,5
DA:193,1
DA:196,1
DA:198,1
DA:199,1
DA:200,1
DA:201,1
DA:203,1
DA:204,1
DA:205,1
DA:206,2
DA:209,2
DA:211,1
DA:214,1
DA:215,1
DA:216,2
DA:217,1
DA:219,2
DA:226,1
DA:227,1
DA:229,2
DA:236,1
DA:239,1
DA:240,1
DA:242,5
LF:75
LH:66
end_of_record
