SF:lib/core/models/user_model.dart
DA:18,8
DA:28,3
DA:29,3
DA:30,3
DA:31,3
DA:32,3
DA:33,3
DA:40,3
DA:41,3
DA:42,3
DA:43,3
DA:44,3
DA:45,3
LF:13
LH:13
end_of_record
SF:lib/core/network/appwrite_config.dart
DA:13,3
DA:15,3
DA:16,3
DA:17,3
DA:18,3
DA:21,2
LF:6
LH:6
end_of_record
SF:lib/core/services/auth_service.dart
DA:23,2
DA:27,4
DA:28,4
DA:29,2
DA:34,1
DA:36,2
DA:37,1
DA:43,3
DA:52,1
DA:58,2
DA:63,2
DA:65,2
DA:68,2
DA:72,2
DA:73,2
DA:74,2
DA:78,0
DA:80,0
DA:82,1
DA:83,3
DA:87,1
DA:88,2
DA:89,2
DA:92,1
DA:94,2
DA:95,4
DA:97,1
DA:98,3
LF:28
LH:26
end_of_record
SF:lib/core/utils/preferences.dart
DA:13,6
DA:19,2
DA:22,2
DA:23,2
DA:27,1
DA:28,1
DA:38,1
DA:40,0
DA:48,1
DA:49,2
DA:54,3
DA:57,3
DA:60,1
DA:61,2
DA:62,2
DA:66,1
DA:67,2
DA:69,2
DA:73,3
DA:76,3
DA:79,3
DA:82,3
DA:85,1
DA:86,2
DA:89,3
DA:92,1
DA:93,1
DA:95,0
LF:28
LH:26
end_of_record
SF:lib/screens/device_details/device_edit/device_edit_cubit.dart
DA:21,3
DA:22,4
DA:24,2
DA:25,6
DA:26,6
DA:27,2
DA:35,2
DA:36,4
DA:38,4
DA:41,8
DA:44,4
DA:45,4
DA:46,8
DA:49,4
DA:51,4
DA:59,2
DA:60,4
DA:61,4
DA:62,4
DA:64,4
DA:67,2
DA:68,2
DA:69,6
DA:70,6
DA:74,2
DA:77,3
DA:80,2
DA:81,3
DA:82,2
DA:86,1
DA:87,3
DA:92,2
DA:94,6
DA:97,8
DA:101,2
DA:103,4
DA:104,4
DA:105,4
DA:106,2
LF:39
LH:39
end_of_record
SF:lib/screens/device_details/device_edit/device_edit_state.dart
DA:25,3
LF:1
LH:1
end_of_record
SF:lib/screens/analytics/organizations_analytics.dart
DA:18,38
DA:20,0
DA:22,0
DA:52,0
DA:54,0
DA:55,0
DA:56,0
DA:57,0
DA:61,0
DA:62,0
DA:63,0
DA:67,0
DA:68,0
DA:69,0
DA:70,0
DA:72,0
DA:74,0
DA:75,0
DA:76,0
DA:82,0
DA:83,0
DA:84,0
DA:85,0
DA:86,0
DA:87,0
DA:93,0
DA:94,0
DA:96,0
DA:97,0
DA:99,0
DA:101,0
DA:102,0
DA:107,0
DA:109,0
DA:110,0
DA:113,0
DA:114,0
DA:116,0
DA:119,0
DA:120,0
DA:121,0
DA:123,0
DA:125,0
DA:128,0
DA:132,0
DA:133,0
DA:134,0
DA:138,0
DA:139,0
DA:141,0
DA:142,0
DA:143,0
DA:144,0
DA:148,0
DA:150,0
DA:152,0
DA:156,0
DA:158,0
DA:159,0
DA:161,0
DA:162,0
DA:163,0
DA:164,0
DA:165,0
DA:173,0
DA:175,0
DA:176,0
DA:177,0
DA:178,0
DA:179,0
DA:180,0
DA:185,0
DA:186,0
DA:190,0
DA:191,0
DA:193,0
DA:194,0
DA:196,0
DA:197,0
DA:198,0
DA:200,0
DA:209,0
DA:211,0
DA:212,0
DA:218,0
DA:219,0
DA:221,0
DA:222,0
DA:224,0
DA:225,0
DA:226,0
DA:228,0
DA:237,0
DA:239,0
DA:240,0
DA:246,0
DA:248,0
DA:249,0
DA:253,0
DA:254,0
DA:269,0
DA:271,0
DA:272,0
DA:273,0
DA:277,0
DA:301,0
DA:302,0
DA:303,0
DA:313,0
DA:315,0
DA:317,0
DA:324,0
DA:326,0
DA:327,0
DA:328,0
DA:330,0
DA:331,0
DA:332,0
DA:352,1
DA:364,1
DA:366,1
DA:368,1
DA:369,1
DA:375,1
DA:376,1
DA:377,1
DA:381,2
DA:382,2
DA:387,1
DA:388,1
DA:391,1
DA:392,1
DA:393,4
DA:395,1
DA:396,1
DA:397,3
DA:398,1
DA:400,6
DA:403,1
DA:405,1
DA:425,1
DA:427,1
DA:428,2
DA:429,2
DA:433,3
DA:436,8
DA:437,1
DA:438,1
DA:439,1
DA:440,2
DA:441,7
DA:448,1
DA:450,1
DA:454,1
DA:455,1
DA:456,0
DA:457,0
DA:458,0
DA:459,0
DA:460,0
DA:461,0
DA:462,0
DA:467,0
LF:163
LH:38
end_of_record
SF:lib/core/network/dependency_injection.dart
DA:10,36
DA:15,1
DA:16,3
DA:17,3
DA:18,3
LF:5
LH:5
end_of_record
SF:lib/utils/fetch_organizations.dart
DA:19,1
DA:25,2
DA:31,2
DA:34,1
DA:35,2
DA:41,1
DA:42,1
DA:43,1
DA:44,1
DA:49,1
DA:50,2
DA:56,1
DA:63,1
DA:66,2
DA:67,1
LF:15
LH:15
end_of_record
SF:lib/utils/fetch_tests.dart
DA:4,1
DA:10,1
DA:16,2
DA:19,1
DA:20,2
DA:25,1
DA:26,1
DA:27,1
DA:28,1
DA:33,1
DA:34,2
DA:39,1
DA:45,1
DA:47,2
DA:48,1
LF:15
LH:15
end_of_record
SF:lib/screens/login/login_state.dart
DA:20,1
DA:27,1
LF:2
LH:2
end_of_record
SF:lib/screens/login/login_cubit.dart
DA:18,3
DA:30,1
DA:31,2
DA:32,3
DA:39,1
DA:40,2
DA:43,2
DA:44,2
DA:45,2
DA:49,2
DA:52,3
DA:53,1
DA:54,0
DA:63,2
DA:66,3
LF:15
LH:14
end_of_record
SF:lib/widget/appbar.dart
DA:13,1
DA:18,1
DA:20,1
DA:21,1
DA:23,2
DA:26,1
DA:27,1
DA:29,1
DA:42,1
DA:48,1
DA:50,1
DA:51,1
DA:52,2
DA:54,1
DA:56,2
DA:57,1
DA:58,3
DA:60,2
LF:18
LH:18
end_of_record
SF:lib/core/models/models.dart
DA:19,2
DA:24,1
DA:25,1
DA:26,1
DA:27,1
DA:28,1
DA:36,3
DA:37,1
DA:38,1
DA:39,1
DA:40,1
LF:11
LH:11
end_of_record
SF:lib/core/models/org_details_model.dart
DA:24,1
DA:35,1
DA:42,1
DA:43,1
DA:44,1
DA:45,1
DA:46,1
DA:47,1
LF:8
LH:8
end_of_record
SF:lib/core/services/excel_services.dart
DA:22,2
DA:23,1
DA:29,2
DA:30,1
DA:33,2
DA:44,2
DA:45,1
DA:47,2
DA:48,1
DA:49,2
DA:50,2
DA:51,2
DA:52,2
DA:53,1
DA:54,1
DA:59,1
DA:60,2
DA:61,1
DA:63,0
DA:64,0
DA:65,0
DA:66,0
DA:69,1
DA:71,0
DA:75,1
DA:81,2
DA:82,1
DA:85,2
DA:97,2
DA:98,1
DA:100,2
DA:101,1
DA:102,2
DA:103,2
DA:104,2
DA:105,2
DA:106,1
DA:107,1
DA:108,1
DA:113,1
DA:114,2
DA:115,1
DA:117,0
DA:118,0
DA:119,0
DA:120,0
DA:123,1
DA:125,0
DA:129,1
DA:135,2
DA:136,1
DA:139,2
DA:142,2
DA:143,1
DA:145,2
DA:146,1
DA:147,2
DA:148,2
DA:149,2
DA:150,1
DA:155,1
DA:156,2
DA:157,1
DA:159,0
DA:160,0
DA:161,0
DA:162,0
DA:165,1
DA:167,0
DA:171,1
DA:177,2
DA:178,1
DA:181,2
DA:195,2
DA:196,3
DA:198,5
DA:200,2
DA:201,1
DA:202,1
DA:203,1
DA:204,1
DA:205,1
DA:206,1
DA:207,1
DA:208,1
DA:210,1
DA:215,1
DA:216,2
DA:217,1
DA:219,0
DA:220,0
DA:221,0
DA:222,0
DA:225,1
DA:227,0
LF:95
LH:75
end_of_record
SF:lib/screens/dashboard/dashboard_view.dart
DA:34,34
DA:36,0
DA:38,0
DA:39,0
DA:50,34
DA:52,0
DA:53,0
DA:70,0
DA:72,0
DA:73,0
DA:77,0
DA:78,0
DA:81,0
DA:83,0
DA:84,0
DA:87,0
DA:89,0
DA:90,0
DA:91,0
DA:92,0
DA:93,0
DA:95,0
DA:96,0
DA:98,0
DA:99,0
DA:100,0
DA:101,0
DA:103,0
DA:104,0
DA:106,0
DA:111,0
DA:112,0
DA:113,0
DA:114,0
DA:115,0
DA:116,0
DA:118,0
DA:119,0
DA:125,0
DA:140,0
DA:142,0
DA:143,0
DA:144,0
DA:146,0
DA:148,0
DA:150,0
DA:152,0
DA:154,0
DA:156,0
DA:158,0
DA:160,0
DA:162,0
DA:171,0
DA:172,0
DA:174,0
DA:177,0
DA:179,0
DA:184,0
DA:185,0
DA:186,0
DA:189,0
DA:191,0
DA:194,0
DA:196,0
DA:199,0
DA:201,0
DA:204,0
LF:67
LH:2
end_of_record
SF:lib/screens/login/login_view.dart
DA:12,32
DA:14,0
DA:16,0
DA:17,0
DA:24,32
DA:26,0
DA:27,0
DA:32,0
DA:35,0
DA:36,0
DA:37,0
DA:39,0
DA:41,0
DA:42,0
DA:44,0
DA:45,0
DA:46,0
DA:48,0
DA:69,0
DA:70,0
DA:72,0
DA:74,0
DA:80,0
DA:92,0
DA:93,0
DA:94,0
DA:96,0
DA:97,0
DA:99,0
DA:101,0
DA:102,0
DA:104,0
DA:105,0
DA:108,0
DA:111,0
DA:127,0
DA:128,0
DA:130,0
DA:137,0
DA:138,0
DA:141,0
DA:144,0
DA:145,0
DA:146,0
DA:152,0
DA:158,0
DA:159,0
DA:160,0
DA:161,0
DA:163,0
DA:168,0
DA:170,0
DA:171,0
DA:172,0
DA:173,0
DA:175,0
DA:178,0
DA:179,0
DA:193,0
DA:194,0
DA:196,0
DA:197,0
DA:210,0
DA:211,0
DA:215,0
DA:231,0
DA:232,0
DA:249,0
DA:250,0
DA:253,0
DA:260,0
DA:261,0
DA:264,0
DA:265,0
LF:74
LH:2
end_of_record
SF:lib/screens/register/register_view.dart
DA:11,32
DA:13,0
DA:15,0
DA:16,0
DA:27,32
DA:29,0
DA:31,0
DA:32,0
DA:33,0
DA:34,0
DA:35,0
DA:37,0
DA:38,0
DA:40,0
DA:42,0
DA:43,0
DA:47,0
DA:49,0
DA:50,0
DA:56,0
DA:58,0
DA:60,0
DA:65,0
DA:66,0
DA:67,0
DA:68,0
DA:69,0
LF:27
LH:2
end_of_record
SF:lib/screens/splash/splash_view.dart
DA:8,33
DA:10,1
DA:11,1
DA:17,0
DA:19,0
DA:20,0
DA:21,0
DA:25,0
DA:26,0
DA:27,0
DA:29,0
DA:30,0
DA:35,0
DA:37,0
DA:38,0
DA:41,0
DA:42,0
DA:44,0
DA:48,0
DA:49,0
DA:50,0
DA:51,0
DA:52,0
DA:58,0
DA:60,0
LF:25
LH:3
end_of_record
SF:lib/core/utils/state_map.dart
DA:1,3
DA:2,1
DA:3,1
DA:4,1
DA:5,1
DA:6,1
DA:7,1
DA:8,1
DA:9,1
DA:10,1
DA:11,1
DA:12,1
DA:13,1
DA:14,1
DA:15,1
DA:16,1
DA:17,1
DA:18,1
DA:19,1
DA:20,1
DA:21,1
DA:22,1
DA:23,1
DA:24,1
DA:25,1
DA:26,1
DA:27,1
DA:28,1
DA:29,1
DA:32,1
DA:33,1
DA:34,1
DA:35,1
DA:36,1
DA:37,1
DA:38,1
DA:39,1
LF:37
LH:37
end_of_record
SF:lib/screens/analytics/doctors_analytics.dart
DA:20,33
DA:22,1
DA:23,1
DA:57,1
DA:59,1
DA:60,2
DA:61,3
DA:62,1
DA:66,1
DA:67,2
DA:69,2
DA:71,1
DA:72,1
DA:73,3
DA:75,3
DA:81,2
DA:84,1
DA:87,0
DA:88,0
DA:89,0
DA:93,0
DA:94,0
DA:96,0
DA:97,0
DA:98,0
DA:99,0
DA:101,0
DA:102,0
DA:103,0
DA:105,0
DA:106,0
DA:109,0
DA:110,0
DA:118,1
DA:122,1
DA:124,2
DA:125,2
DA:128,1
DA:130,1
DA:131,2
DA:132,1
DA:134,3
DA:138,1
DA:139,5
DA:140,1
DA:142,1
DA:143,0
DA:151,1
DA:152,4
DA:153,1
DA:154,2
DA:155,3
DA:157,1
DA:163,1
DA:164,2
DA:165,2
DA:166,4
DA:173,0
DA:174,0
DA:176,0
DA:177,0
DA:179,0
DA:183,0
DA:184,0
DA:187,0
DA:188,0
DA:189,0
DA:191,0
DA:192,0
DA:200,0
DA:201,0
DA:202,0
DA:215,1
DA:217,1
DA:218,1
DA:220,1
DA:221,1
DA:231,1
DA:233,1
DA:235,0
DA:236,0
DA:237,0
DA:238,0
DA:239,0
DA:240,0
LF:85
LH:47
end_of_record
SF:lib/screens/dashboard/dashboard_state.dart
DA:31,34
DA:42,0
DA:51,0
DA:52,0
DA:53,0
DA:54,0
DA:55,0
DA:56,0
DA:57,0
DA:58,0
LF:10
LH:1
end_of_record
SF:lib/screens/dashboard/dashboard_cubit.dart
DA:30,0
DA:31,0
DA:42,0
DA:48,0
DA:49,0
DA:53,0
DA:54,0
DA:55,0
DA:57,0
DA:58,0
DA:59,0
DA:61,0
DA:66,0
DA:69,0
DA:72,0
DA:77,0
DA:80,0
DA:83,0
DA:88,0
DA:89,0
DA:92,0
DA:93,0
DA:94,0
DA:95,0
DA:96,0
DA:97,0
DA:98,0
DA:103,0
DA:104,0
DA:107,0
DA:108,0
DA:111,0
DA:112,0
DA:113,0
LF:34
LH:0
end_of_record
SF:lib/screens/dashboard/widget/graph_card.dart
DA:6,1
DA:8,1
DA:9,1
DA:17,1
DA:19,1
DA:20,2
DA:24,3
DA:25,2
DA:28,1
DA:30,2
DA:31,1
DA:34,1
DA:36,1
DA:37,1
DA:38,1
DA:39,2
DA:41,2
DA:42,1
DA:43,1
DA:44,1
DA:46,1
DA:47,1
DA:49,1
DA:50,1
DA:51,1
DA:52,1
DA:53,1
DA:54,1
DA:55,1
DA:73,1
DA:74,1
DA:81,1
DA:82,1
DA:83,2
LF:34
LH:34
end_of_record
SF:lib/screens/device_details/device_details_view.dart
DA:17,32
DA:19,0
DA:21,0
DA:22,0
DA:33,32
DA:34,0
DA:36,0
DA:37,0
DA:38,0
DA:40,0
DA:43,0
DA:45,0
DA:46,0
DA:48,0
DA:50,0
DA:52,0
DA:55,0
DA:56,0
DA:58,0
DA:59,0
DA:62,0
DA:64,0
DA:66,0
DA:69,0
LF:24
LH:2
end_of_record
SF:lib/screens/device_registration/device_registration_view.dart
DA:13,32
DA:15,0
DA:18,0
DA:20,0
DA:22,0
DA:23,0
DA:24,0
DA:35,33
DA:37,1
DA:38,1
DA:51,1
DA:53,1
DA:55,3
DA:56,3
DA:57,3
DA:58,3
DA:61,0
DA:62,0
DA:63,0
DA:67,0
DA:68,0
DA:71,0
DA:72,0
DA:73,0
DA:77,0
DA:78,0
DA:81,1
DA:83,2
DA:84,2
DA:85,2
DA:86,2
DA:87,1
DA:90,1
DA:92,1
DA:93,0
DA:95,0
DA:96,0
DA:98,0
DA:99,0
DA:103,0
DA:104,0
DA:109,0
DA:110,0
DA:111,0
DA:112,0
DA:113,0
DA:115,0
DA:118,0
DA:119,0
DA:121,0
DA:123,0
DA:125,0
DA:126,0
DA:128,0
DA:129,0
DA:130,0
DA:132,0
DA:133,0
DA:146,0
DA:149,0
DA:150,0
DA:152,0
DA:154,0
DA:155,0
DA:157,0
DA:159,0
DA:160,0
DA:166,0
DA:167,0
DA:171,0
DA:197,0
DA:198,0
DA:199,0
DA:200,0
DA:201,0
DA:202,0
DA:204,0
DA:205,0
DA:207,0
DA:208,0
DA:209,0
DA:213,0
DA:214,0
DA:216,0
DA:220,0
DA:222,0
DA:227,0
DA:228,0
DA:230,0
DA:234,0
DA:236,0
DA:246,0
DA:250,0
DA:252,0
DA:253,0
DA:255,0
DA:256,0
DA:257,0
DA:259,0
DA:260,0
DA:261,0
DA:269,0
DA:270,0
DA:272,0
DA:275,0
DA:276,0
DA:277,0
DA:283,0
DA:289,0
DA:296,0
DA:298,0
DA:299,0
DA:301,0
DA:305,0
DA:308,0
DA:309,0
DA:311,0
DA:319,0
DA:327,0
DA:329,0
DA:330,0
DA:332,0
DA:336,0
DA:337,0
DA:339,0
DA:345,0
DA:346,0
DA:348,0
DA:352,0
DA:353,0
DA:355,0
DA:363,0
DA:364,0
DA:370,0
DA:371,0
DA:374,0
DA:375,0
DA:378,0
DA:379,0
DA:386,0
DA:387,0
DA:388,0
DA:389,0
DA:390,0
DA:396,0
DA:397,0
DA:398,0
LF:147
LH:18
end_of_record
SF:lib/screens/doctor_details/doctor_details_view.dart
DA:21,32
DA:23,0
DA:25,0
DA:26,0
DA:28,0
DA:29,0
DA:30,0
DA:31,0
DA:33,0
DA:35,0
DA:37,0
DA:38,0
DA:40,0
DA:42,0
DA:44,0
DA:47,0
DA:48,0
DA:51,0
DA:53,0
DA:55,0
DA:58,0
LF:21
LH:1
end_of_record
SF:lib/screens/generate_qr_page.dart
DA:18,33
DA:20,1
DA:21,1
DA:35,1
DA:37,1
DA:39,1
DA:42,1
DA:44,1
DA:45,1
DA:47,1
DA:48,1
DA:49,1
DA:52,1
DA:58,1
DA:65,1
DA:67,1
DA:69,1
DA:70,1
DA:72,1
DA:74,1
DA:75,2
DA:78,1
DA:79,1
DA:80,3
DA:81,3
DA:82,4
DA:90,1
DA:91,1
DA:92,1
DA:93,1
DA:94,1
DA:99,1
DA:100,1
DA:111,2
DA:112,2
DA:122,1
DA:123,1
DA:124,1
DA:130,1
DA:131,1
DA:132,1
DA:135,4
DA:139,1
DA:140,1
DA:141,2
DA:144,1
DA:145,1
DA:147,1
DA:148,1
DA:149,1
DA:150,4
DA:154,1
DA:155,1
DA:166,1
DA:167,3
DA:168,3
DA:169,2
DA:170,4
DA:171,1
DA:172,1
DA:178,1
DA:179,1
DA:181,2
DA:184,2
DA:190,1
DA:191,1
DA:192,1
DA:193,1
DA:194,1
DA:200,1
DA:203,3
DA:204,1
DA:205,1
DA:206,0
DA:208,0
DA:209,0
DA:211,0
DA:212,0
DA:213,0
DA:214,0
DA:216,0
LF:81
LH:73
end_of_record
SF:lib/screens/mother_details/mother_details_view.dart
DA:8,32
DA:10,0
DA:12,0
DA:13,0
DA:20,32
DA:22,0
DA:24,0
DA:26,0
DA:28,0
DA:30,0
DA:32,0
DA:33,0
DA:35,0
DA:37,0
DA:38,0
DA:39,0
DA:41,0
DA:42,0
DA:43,0
DA:44,0
DA:48,0
DA:49,0
DA:50,0
DA:51,0
DA:58,0
DA:61,0
DA:63,0
DA:65,0
DA:68,0
DA:69,0
DA:83,0
DA:84,0
DA:86,0
DA:95,0
DA:97,0
DA:108,0
DA:110,0
DA:118,0
DA:119,0
DA:121,0
DA:123,0
DA:124,0
DA:125,0
DA:126,0
DA:127,0
DA:128,0
DA:130,0
DA:131,0
DA:132,0
DA:133,0
DA:136,0
DA:137,0
DA:138,0
DA:139,0
DA:145,0
DA:146,0
DA:148,0
DA:149,0
DA:150,0
DA:151,0
DA:154,0
DA:155,0
DA:156,0
DA:157,0
DA:163,0
DA:165,0
DA:166,0
DA:167,0
DA:180,0
DA:181,0
DA:194,0
LF:71
LH:2
end_of_record
SF:lib/screens/organization_details/organization_details_view.dart
DA:15,32
DA:17,0
DA:19,0
DA:20,0
DA:30,32
DA:32,0
DA:34,0
DA:36,0
DA:38,0
DA:39,0
DA:41,0
DA:42,0
DA:44,0
DA:46,0
DA:47,0
DA:49,0
DA:50,0
DA:58,0
DA:60,0
DA:61,0
DA:71,0
DA:72,0
DA:75,0
DA:77,0
DA:79,0
LF:25
LH:2
end_of_record
SF:lib/screens/organization_registration/organization_registration_view.dart
DA:11,32
DA:13,0
DA:15,0
DA:16,0
DA:27,32
DA:36,0
DA:39,0
DA:41,0
DA:43,0
DA:44,0
DA:46,0
DA:48,0
DA:49,0
DA:51,0
DA:52,0
DA:53,0
DA:56,0
DA:63,0
DA:65,0
DA:66,0
DA:67,0
DA:68,0
DA:69,0
DA:87,0
DA:88,0
DA:89,0
DA:90,0
DA:91,0
DA:92,0
DA:93,0
DA:95,0
DA:96,0
DA:99,0
DA:100,0
DA:102,0
DA:104,0
DA:107,0
DA:108,0
DA:110,0
DA:113,0
DA:114,0
DA:115,0
DA:117,0
DA:118,0
DA:119,0
DA:120,0
DA:121,0
DA:125,0
DA:129,0
DA:130,0
DA:132,0
DA:133,0
DA:134,0
DA:136,0
DA:140,0
DA:141,0
DA:143,0
DA:144,0
DA:145,0
DA:146,0
DA:147,0
DA:150,0
DA:159,0
DA:160,0
DA:162,0
DA:165,0
DA:166,0
DA:167,0
DA:173,0
DA:178,0
DA:184,0
DA:186,0
DA:187,0
DA:189,0
DA:193,0
DA:196,0
DA:197,0
DA:204,0
DA:210,0
DA:212,0
DA:213,0
DA:215,0
DA:220,0
DA:221,0
DA:223,0
DA:229,0
DA:231,0
DA:238,0
DA:239,0
DA:240,0
DA:241,0
DA:242,0
DA:247,0
DA:248,0
DA:250,0
DA:253,0
LF:96
LH:2
end_of_record
SF:lib/widget/bottom_navigation_bar.dart
DA:15,33
DA:17,0
DA:18,0
DA:19,0
DA:20,0
DA:22,0
DA:26,1
DA:28,2
DA:30,1
DA:33,1
DA:35,1
DA:37,1
DA:38,1
DA:39,1
DA:41,1
DA:42,1
DA:43,0
DA:44,1
DA:46,1
DA:47,1
DA:56,1
DA:57,1
DA:65,1
DA:66,1
DA:68,1
DA:76,1
DA:77,0
DA:78,1
DA:80,1
DA:81,1
LF:30
LH:23
end_of_record
SF:lib/widget/sidebar.dart
DA:14,1
DA:15,2
DA:16,1
DA:17,1
DA:20,1
DA:22,1
DA:23,1
DA:26,0
DA:28,0
DA:31,1
DA:44,1
DA:89,2
DA:107,33
DA:109,1
DA:110,1
DA:116,1
DA:118,1
DA:119,4
DA:120,4
DA:121,1
DA:122,0
DA:123,0
DA:124,0
DA:125,0
DA:126,0
DA:129,1
DA:132,1
DA:133,2
DA:134,1
DA:136,1
DA:137,1
DA:138,2
DA:139,1
DA:140,2
DA:142,2
DA:144,3
DA:145,1
DA:146,2
DA:147,1
DA:148,1
DA:170,32
DA:176,1
DA:177,1
DA:184,1
DA:186,1
DA:187,1
DA:188,1
DA:189,0
DA:190,0
DA:191,1
DA:192,5
DA:193,1
DA:196,1
DA:198,1
DA:199,1
DA:200,1
DA:201,1
DA:203,1
DA:204,1
DA:205,1
DA:206,2
DA:209,2
DA:211,1
DA:214,1
DA:215,1
DA:216,2
DA:217,1
DA:219,2
DA:226,1
DA:227,1
DA:229,2
DA:236,1
DA:239,1
DA:240,1
DA:242,5
LF:75
LH:66
end_of_record
SF:lib/screens/dashboard/widget/hover_stat_card.dart
DA:7,1
DA:9,1
DA:10,1
DA:18,1
DA:20,1
DA:21,2
DA:27,1
DA:29,2
DA:30,1
DA:33,0
DA:34,0
DA:35,0
DA:38,0
DA:39,0
DA:40,0
DA:41,0
DA:44,1
DA:46,1
DA:48,1
DA:49,1
DA:50,1
DA:51,1
DA:53,1
DA:57,1
DA:58,2
DA:59,1
DA:60,1
DA:61,1
DA:62,2
DA:63,1
DA:68,1
DA:70,1
DA:71,1
DA:72,1
DA:73,1
DA:75,4
DA:76,1
DA:78,1
DA:79,3
DA:85,1
DA:86,3
DA:90,1
DA:91,3
LF:43
LH:36
end_of_record
SF:lib/screens/device_details/device_details_state.dart
DA:30,2
DA:41,0
DA:42,0
DA:43,0
DA:52,2
DA:61,2
DA:62,2
DA:63,1
DA:64,2
DA:65,2
DA:66,1
DA:67,1
DA:68,2
LF:13
LH:10
end_of_record
SF:lib/screens/device_details/device_details_cubit.dart
DA:19,1
DA:25,0
DA:26,0
DA:32,0
DA:33,0
DA:35,0
DA:36,0
DA:37,0
DA:38,0
DA:40,0
DA:41,0
DA:47,0
DA:49,0
DA:54,0
DA:55,0
DA:59,0
DA:60,0
DA:64,0
DA:65,0
DA:67,0
DA:68,0
DA:69,0
DA:71,0
DA:72,0
DA:73,0
DA:74,0
DA:75,0
DA:77,0
DA:81,0
DA:83,0
DA:85,0
DA:88,0
LF:32
LH:1
end_of_record
SF:lib/utils/fetch_devices.dart
DA:19,1
DA:25,2
DA:31,2
DA:34,1
DA:35,2
DA:40,1
DA:41,1
DA:42,1
DA:43,1
DA:48,1
DA:49,2
DA:55,1
DA:62,1
DA:65,2
DA:66,1
LF:15
LH:15
end_of_record
SF:lib/screens/device_details/device_edit/device_edit_view.dart
DA:25,2
DA:32,2
DA:34,5
DA:35,1
DA:37,1
DA:39,1
DA:40,2
DA:41,3
DA:57,1
DA:59,1
DA:61,1
DA:63,1
DA:64,1
DA:65,1
DA:66,2
DA:69,2
DA:70,1
DA:71,1
DA:73,4
DA:76,1
DA:78,1
DA:80,1
DA:81,1
DA:83,1
DA:84,1
DA:85,2
DA:86,2
LF:27
LH:27
end_of_record
SF:lib/utils/format_date.dart
DA:12,3
DA:14,3
DA:17,3
DA:19,6
LF:4
LH:4
end_of_record
SF:lib/widget/custom_date_picker.dart
DA:15,2
DA:24,2
DA:27,1
DA:29,1
DA:33,1
DA:34,1
DA:35,1
DA:37,3
DA:41,0
DA:42,0
DA:46,2
DA:53,2
DA:54,2
DA:57,2
DA:65,2
DA:67,2
DA:68,2
DA:73,2
DA:82,1
DA:83,1
DA:84,1
LF:21
LH:19
end_of_record
SF:lib/screens/device_details/widgets/device_details_filters.dart
DA:10,1
DA:16,1
DA:18,1
DA:20,1
DA:21,1
DA:22,1
DA:23,1
DA:24,1
DA:25,1
DA:28,2
DA:29,1
DA:30,4
DA:32,2
DA:33,0
DA:37,1
DA:38,1
DA:41,2
DA:42,1
DA:43,1
DA:44,3
DA:47,2
DA:48,0
DA:52,1
DA:54,1
DA:55,2
DA:56,1
DA:69,1
DA:70,2
LF:28
LH:26
end_of_record
SF:lib/screens/device_details/widgets/device_details_header.dart
DA:6,33
DA:8,1
DA:10,1
DA:18,1
DA:20,1
DA:31,1
DA:34,0
LF:7
LH:6
end_of_record
SF:lib/screens/device_details/widgets/device_table.dart
DA:11,1
DA:13,1
DA:15,1
DA:19,2
DA:20,1
DA:21,2
DA:24,1
DA:25,0
DA:29,1
DA:30,1
DA:31,1
DA:32,1
DA:33,1
DA:34,1
DA:35,1
DA:36,1
DA:37,1
DA:40,2
DA:41,3
DA:42,1
DA:46,1
DA:47,1
DA:48,1
DA:55,1
DA:56,1
DA:57,1
DA:58,1
DA:59,2
DA:60,2
DA:61,2
DA:62,2
DA:63,2
DA:64,3
DA:65,2
DA:66,1
DA:67,1
DA:68,2
DA:76,1
DA:77,1
DA:78,1
DA:79,2
DA:80,1
DA:81,1
DA:90,1
DA:91,1
DA:95,2
DA:98,1
DA:99,4
DA:101,1
DA:102,1
DA:103,1
DA:104,0
LF:52
LH:50
end_of_record
SF:lib/screens/device_details/device_edit/widgets/device_editform.dart
DA:9,2
DA:11,2
DA:13,1
DA:15,1
DA:17,2
DA:23,2
DA:24,2
DA:25,2
DA:26,2
DA:32,1
DA:34,1
DA:44,2
DA:46,1
DA:48,4
DA:53,1
DA:55,2
DA:60,1
DA:62,2
DA:67,1
DA:69,1
DA:70,1
DA:71,2
DA:72,1
DA:74,1
DA:75,1
DA:91,1
DA:92,1
DA:93,1
DA:95,1
DA:96,1
LF:30
LH:30
end_of_record
SF:lib/screens/device_details/device_edit/widgets/device_info_card.dart
DA:11,2
DA:13,2
DA:16,5
DA:18,1
DA:20,1
DA:23,1
DA:29,1
DA:30,1
DA:31,1
DA:32,1
DA:37,1
DA:39,1
DA:41,1
DA:42,1
DA:44,1
DA:45,2
DA:53,1
DA:54,2
DA:57,1
DA:58,2
DA:62,1
DA:63,1
DA:64,1
DA:65,3
DA:68,1
DA:71,1
DA:72,3
DA:75,1
DA:80,1
DA:81,1
DA:82,1
DA:85,1
DA:88,1
DA:91,2
LF:34
LH:34
end_of_record
SF:lib/screens/device_details/device_edit/widgets/device_textfield.dart
DA:9,2
DA:17,2
DA:19,2
DA:21,2
DA:22,4
DA:24,2
DA:25,2
DA:26,2
DA:27,2
DA:28,2
DA:32,4
LF:11
LH:11
end_of_record
SF:lib/screens/device_details/device_edit/widgets/device_stat_card.dart
DA:9,2
DA:17,2
DA:19,2
DA:20,2
DA:21,2
DA:22,2
DA:23,10
DA:27,2
DA:28,2
DA:29,2
DA:30,4
DA:36,2
DA:38,2
DA:39,2
DA:40,2
DA:42,2
DA:44,2
DA:46,4
DA:49,2
DA:52,2
DA:53,2
DA:54,2
DA:61,2
DA:62,2
DA:63,2
DA:64,2
LF:26
LH:26
end_of_record
SF:lib/screens/device_details/device_edit/widgets/device_tile_card.dart
DA:8,2
DA:15,2
DA:17,2
DA:18,2
DA:20,2
DA:26,2
DA:27,2
DA:28,2
DA:29,2
DA:34,4
DA:36,2
DA:38,2
DA:39,4
DA:41,2
DA:42,2
DA:51,2
DA:52,2
DA:53,4
LF:18
LH:18
end_of_record
SF:lib/screens/device_registration/device_registration_cubit.dart
DA:21,1
DA:22,1
DA:28,0
DA:30,0
DA:31,0
DA:32,0
DA:34,0
DA:35,0
DA:36,0
DA:37,0
DA:39,0
DA:43,0
DA:48,1
DA:49,1
DA:50,2
DA:58,1
DA:59,3
DA:63,1
DA:64,3
DA:68,1
DA:69,3
DA:73,1
DA:74,3
DA:78,1
DA:79,3
DA:83,1
DA:84,1
DA:85,2
DA:86,2
DA:87,2
DA:88,2
DA:91,3
DA:95,1
DA:96,4
DA:100,1
DA:101,3
DA:105,1
DA:106,1
DA:107,3
DA:111,0
DA:112,0
DA:113,0
DA:115,0
DA:118,0
DA:119,0
DA:120,0
DA:121,0
DA:122,0
DA:123,0
DA:124,0
DA:125,0
DA:126,0
DA:130,0
DA:160,0
DA:162,0
DA:165,0
DA:166,0
DA:168,0
DA:177,0
DA:178,0
DA:181,0
DA:182,0
DA:186,0
LF:63
LH:29
end_of_record
SF:lib/screens/device_registration/device_registration_state.dart
DA:45,35
DA:61,1
DA:79,1
DA:80,1
DA:81,1
DA:84,0
DA:85,1
DA:88,0
DA:89,1
DA:92,0
DA:93,1
DA:94,1
DA:95,1
DA:96,1
DA:97,1
DA:98,1
DA:101,1
DA:102,1
DA:103,1
DA:107,1
DA:108,1
DA:109,1
DA:110,1
DA:111,1
DA:112,1
DA:113,1
DA:114,1
DA:115,1
DA:116,1
DA:117,1
DA:118,1
DA:119,1
DA:120,1
LF:33
LH:30
end_of_record
SF:lib/screens/doctor_details/doctor_details_state.dart
DA:27,32
DA:37,0
DA:47,0
DA:55,0
DA:56,0
DA:57,0
DA:58,0
DA:59,0
DA:60,0
DA:65,0
DA:66,0
DA:67,0
DA:68,0
DA:69,0
DA:70,0
DA:71,0
DA:72,0
LF:17
LH:1
end_of_record
SF:lib/screens/doctor_details/doctor_details_cubit.dart
DA:19,0
DA:20,0
DA:27,0
DA:28,0
DA:32,0
DA:33,0
DA:37,0
DA:39,0
DA:40,0
DA:41,0
DA:42,0
DA:43,0
DA:44,0
DA:45,0
DA:47,0
DA:51,0
DA:52,0
DA:54,0
DA:56,0
DA:57,0
DA:58,0
DA:60,0
DA:65,0
DA:66,0
DA:67,0
DA:68,0
DA:69,0
DA:74,0
DA:75,0
DA:79,0
DA:85,0
DA:87,0
DA:88,0
DA:89,0
DA:90,0
DA:93,0
DA:94,0
DA:95,0
DA:99,0
DA:102,0
DA:106,0
DA:107,0
DA:108,0
DA:110,0
DA:111,0
DA:112,0
DA:113,0
DA:114,0
DA:115,0
DA:116,0
DA:118,0
DA:123,0
DA:124,0
DA:131,0
LF:54
LH:0
end_of_record
SF:lib/screens/doctor_details/doctoredit/doctor_edit_popup.dart
DA:27,1
DA:34,1
DA:36,1
DA:37,1
DA:38,1
DA:39,4
DA:40,1
DA:42,2
DA:45,1
DA:46,1
DA:47,1
DA:49,1
DA:52,1
DA:54,1
DA:55,1
DA:57,1
DA:58,1
DA:60,1
DA:62,1
DA:64,1
DA:66,1
DA:67,1
DA:69,1
DA:71,1
DA:72,1
DA:78,1
DA:79,2
DA:83,1
DA:85,1
DA:86,0
DA:87,1
DA:88,1
DA:89,1
DA:98,1
DA:99,1
DA:100,1
DA:101,3
DA:104,1
DA:107,1
DA:108,3
DA:111,1
DA:120,1
DA:122,1
DA:124,1
DA:126,1
DA:133,1
DA:135,1
DA:140,1
DA:142,1
DA:147,1
DA:149,1
DA:155,1
DA:157,1
DA:158,1
DA:160,3
DA:161,1
DA:165,1
DA:166,1
DA:178,1
DA:179,1
DA:180,1
DA:182,1
DA:183,1
DA:193,1
DA:194,1
LF:65
LH:64
end_of_record
SF:lib/screens/doctor_details/widgets/doctor_details_filter.dart
DA:12,0
DA:18,0
DA:20,0
DA:22,0
DA:23,0
DA:24,0
DA:25,0
DA:26,0
DA:27,0
DA:30,0
DA:31,0
DA:32,0
DA:34,0
DA:35,0
DA:39,0
DA:40,0
DA:43,0
DA:44,0
DA:45,0
DA:47,0
DA:48,0
DA:52,0
DA:54,0
DA:55,0
DA:56,0
DA:69,0
DA:70,0
LF:27
LH:0
end_of_record
SF:lib/screens/doctor_details/widgets/doctor_details_table.dart
DA:11,0
DA:13,0
DA:15,0
DA:21,0
DA:25,0
DA:26,0
DA:27,0
DA:30,0
DA:31,0
DA:35,0
DA:36,0
DA:37,0
DA:38,0
DA:39,0
DA:40,0
DA:41,0
DA:42,0
DA:43,0
DA:44,0
DA:47,0
DA:48,0
DA:49,0
DA:53,0
DA:54,0
DA:55,0
DA:62,0
DA:63,0
DA:64,0
DA:65,0
DA:66,0
DA:67,0
DA:68,0
DA:69,0
DA:70,0
DA:71,0
DA:72,0
DA:73,0
DA:74,0
DA:75,0
DA:76,0
DA:84,0
DA:85,0
DA:86,0
DA:87,0
DA:88,0
DA:89,0
DA:98,0
DA:99,0
DA:103,0
DA:106,0
DA:107,0
DA:109,0
DA:110,0
DA:111,0
DA:112,0
LF:55
LH:0
end_of_record
SF:lib/screens/doctor_details/widgets/doctor_header.dart
DA:7,32
DA:9,0
DA:11,0
DA:13,0
DA:22,0
DA:24,0
DA:35,0
DA:37,0
DA:39,0
DA:40,0
DA:42,0
DA:45,0
DA:47,0
LF:13
LH:1
end_of_record
SF:lib/screens/doctor_details/doctoredit/doctor_edit_state.dart
DA:25,0
LF:1
LH:0
end_of_record
SF:lib/screens/doctor_details/doctoredit/doctor_edit_cubit.dart
DA:19,2
DA:20,4
DA:23,2
DA:24,6
DA:25,8
DA:26,6
DA:27,4
DA:31,1
DA:32,2
DA:34,1
DA:35,3
DA:37,3
DA:40,2
DA:43,1
DA:47,0
DA:49,0
DA:50,0
DA:55,0
DA:57,0
DA:59,0
DA:60,0
DA:62,0
DA:67,2
DA:69,4
DA:70,4
DA:71,4
DA:72,2
LF:27
LH:19
end_of_record
SF:lib/widget/columns.dart
DA:3,2
DA:4,2
DA:5,2
DA:6,2
DA:15,2
DA:23,2
DA:24,2
DA:31,2
DA:32,2
DA:35,2
DA:36,2
DA:39,2
DA:40,2
DA:46,2
DA:53,2
DA:55,2
DA:56,2
DA:58,2
DA:59,2
DA:65,2
DA:66,2
DA:67,2
DA:68,2
DA:74,2
DA:78,2
DA:81,0
DA:82,0
DA:84,0
DA:92,1
DA:100,1
DA:102,1
DA:104,1
DA:105,1
DA:107,1
DA:108,1
DA:114,1
DA:115,1
DA:116,1
DA:117,1
DA:123,1
DA:125,1
DA:128,1
DA:129,2
DA:131,1
DA:140,1
DA:142,1
DA:146,0
DA:147,0
LF:48
LH:43
end_of_record
SF:lib/screens/organization_details/widgets/edit_popup_widgets/stat_card.dart
DA:9,1
DA:17,1
DA:19,1
DA:20,1
DA:22,1
DA:23,1
DA:24,5
DA:28,1
DA:29,1
DA:30,1
DA:31,2
DA:37,1
DA:38,1
DA:39,1
DA:41,1
DA:42,1
DA:45,2
DA:48,1
DA:50,1
DA:51,1
DA:52,1
DA:59,1
DA:60,1
DA:61,1
DA:62,1
LF:25
LH:25
end_of_record
SF:lib/screens/login/widgets/captcha_checkbox.dart
DA:7,0
DA:9,0
DA:10,0
DA:17,0
DA:18,0
DA:19,0
DA:22,0
DA:23,0
DA:35,0
DA:36,0
DA:37,0
DA:43,0
DA:44,0
DA:45,0
DA:48,0
DA:55,0
DA:56,0
DA:57,0
DA:58,0
DA:60,0
DA:64,0
DA:66,0
DA:68,0
DA:69,0
DA:70,0
DA:71,0
DA:72,0
DA:73,0
DA:74,0
DA:75,0
DA:76,0
DA:77,0
DA:79,0
DA:82,0
DA:90,0
DA:92,0
LF:36
LH:0
end_of_record
SF:lib/screens/mother_details/mother_details_cubit.dart
DA:21,0
DA:28,0
DA:30,0
DA:33,0
DA:34,0
DA:39,0
DA:42,0
DA:49,0
DA:60,0
DA:61,0
DA:62,0
DA:63,0
DA:66,0
DA:67,0
DA:70,0
DA:72,0
DA:73,0
DA:74,0
DA:75,0
DA:79,0
DA:81,0
DA:83,0
DA:87,0
DA:88,0
DA:89,0
DA:93,0
DA:95,0
DA:97,0
DA:101,0
DA:102,0
DA:103,0
DA:107,0
DA:108,0
DA:109,0
DA:113,0
DA:115,0
DA:117,0
DA:118,0
DA:119,0
DA:120,0
DA:123,0
DA:124,0
DA:132,0
DA:134,0
DA:135,0
DA:137,0
DA:140,0
DA:146,0
DA:147,0
DA:149,0
DA:150,0
DA:153,0
DA:155,0
DA:156,0
DA:157,0
DA:159,0
DA:164,0
DA:166,0
DA:168,0
DA:171,0
DA:173,0
LF:61
LH:0
end_of_record
SF:lib/screens/mother_details/mother_details_state.dart
DA:31,32
DA:42,0
DA:54,0
DA:55,0
DA:56,0
DA:57,0
DA:58,0
DA:59,0
DA:60,0
DA:61,0
DA:65,0
DA:66,0
DA:67,0
DA:68,0
DA:69,0
DA:70,0
DA:71,0
DA:72,0
DA:73,0
LF:19
LH:1
end_of_record
SF:lib/screens/mother_details/widget/mother_details_table.dart
DA:8,0
DA:10,0
DA:12,0
DA:18,0
DA:22,0
DA:23,0
DA:24,0
DA:27,0
DA:28,0
DA:65,0
DA:66,0
DA:67,0
DA:68,0
DA:69,0
DA:70,0
DA:71,0
DA:72,0
DA:73,0
DA:76,0
DA:80,0
DA:81,0
DA:82,0
DA:83,0
DA:84,0
DA:85,0
LF:25
LH:0
end_of_record
SF:lib/screens/organization_details/organization_details_cubit.dart
DA:28,0
DA:29,0
DA:30,0
DA:31,0
DA:38,0
DA:39,0
DA:42,0
DA:43,0
DA:46,0
DA:47,0
DA:53,0
DA:54,0
DA:55,0
DA:57,0
DA:58,0
DA:60,0
DA:61,0
DA:63,0
DA:64,0
DA:66,0
DA:67,0
DA:69,0
DA:70,0
DA:73,0
DA:74,0
DA:76,0
DA:77,0
DA:83,0
DA:84,0
DA:90,0
DA:91,0
DA:95,0
DA:96,0
DA:97,0
DA:101,0
DA:104,0
DA:105,0
DA:108,0
DA:109,0
DA:110,0
DA:111,0
DA:114,0
DA:115,0
DA:116,0
DA:125,0
DA:126,0
DA:134,0
DA:136,0
DA:137,0
DA:139,0
DA:145,0
DA:147,0
DA:150,0
DA:152,0
DA:154,0
DA:160,0
DA:162,0
DA:165,0
DA:166,0
DA:167,0
DA:170,0
DA:172,0
DA:178,0
DA:180,0
DA:183,0
DA:184,0
DA:185,0
DA:188,0
DA:190,0
DA:196,0
DA:198,0
DA:201,0
DA:203,0
DA:205,0
DA:211,0
DA:216,0
DA:221,0
DA:224,0
DA:225,0
DA:230,0
DA:231,0
DA:232,0
DA:233,0
DA:238,0
DA:239,0
DA:245,0
DA:251,0
DA:253,0
DA:254,0
DA:258,0
DA:259,0
DA:260,0
DA:264,0
DA:265,0
DA:267,0
DA:268,0
DA:269,0
DA:273,0
DA:275,0
DA:277,0
DA:278,0
DA:279,0
DA:280,0
DA:282,0
DA:287,0
DA:288,0
DA:292,0
DA:293,0
DA:297,0
DA:300,0
DA:302,0
DA:303,0
DA:305,0
DA:307,0
DA:308,0
DA:309,0
DA:310,0
DA:311,0
DA:312,0
DA:313,0
DA:318,0
DA:319,0
DA:320,0
DA:323,0
DA:324,0
DA:325,0
DA:329,0
DA:331,0
DA:332,0
DA:333,0
DA:334,0
DA:335,0
DA:336,0
DA:338,0
DA:339,0
DA:340,0
DA:341,0
DA:344,0
DA:351,0
DA:353,0
DA:355,0
DA:356,0
DA:357,0
DA:358,0
DA:362,0
DA:364,0
DA:365,0
DA:366,0
DA:367,0
DA:368,0
DA:369,0
LF:151
LH:0
end_of_record
SF:lib/screens/organization_details/organization_details_state.dart
DA:38,0
DA:53,0
DA:69,0
DA:70,0
DA:72,0
DA:73,0
DA:74,0
DA:75,0
DA:76,0
DA:77,0
DA:78,0
DA:79,0
DA:80,0
DA:81,0
DA:85,0
DA:86,0
DA:87,0
DA:88,0
DA:89,0
DA:90,0
DA:91,0
DA:92,0
DA:93,0
DA:94,0
DA:95,0
DA:96,0
DA:97,0
LF:27
LH:0
end_of_record
SF:lib/screens/organization_details/widgets/organization_filters.dart
DA:8,32
DA:10,0
DA:12,0
DA:13,0
DA:17,0
DA:18,0
DA:19,0
DA:20,0
DA:22,0
DA:23,0
DA:24,0
DA:25,0
DA:28,0
DA:29,0
DA:33,0
DA:34,0
DA:37,0
DA:38,0
DA:42,0
DA:43,0
DA:44,0
DA:52,0
DA:53,0
DA:54,0
DA:55,0
DA:56,0
DA:70,0
DA:76,0
DA:78,0
DA:79,0
DA:80,0
DA:82,0
DA:83,0
DA:84,0
DA:88,0
DA:91,0
DA:93,0
DA:94,0
DA:95,0
DA:97,0
DA:99,0
DA:100,0
DA:101,0
DA:102,0
DA:117,0
DA:118,0
DA:120,0
DA:122,0
DA:128,0
DA:129,0
LF:50
LH:1
end_of_record
SF:lib/screens/organization_details/widgets/organization_table.dart
DA:15,32
DA:17,0
DA:19,0
DA:20,0
DA:21,0
DA:22,0
DA:25,0
DA:26,0
DA:28,0
DA:29,0
DA:33,0
DA:39,0
DA:40,0
DA:41,0
DA:42,0
DA:46,0
DA:47,0
DA:48,0
DA:49,0
DA:50,0
DA:51,0
DA:52,0
DA:53,0
DA:54,0
DA:55,0
DA:56,0
DA:57,0
DA:58,0
DA:61,0
DA:62,0
DA:63,0
DA:65,0
DA:66,0
DA:67,0
DA:68,0
DA:69,0
DA:70,0
DA:71,0
DA:72,0
DA:73,0
DA:74,0
DA:75,0
DA:76,0
DA:78,0
DA:82,0
DA:83,0
DA:86,0
DA:87,0
DA:88,0
DA:89,0
DA:90,0
DA:100,0
DA:117,0
DA:118,0
DA:119,0
DA:121,0
DA:125,0
DA:126,0
DA:127,0
DA:128,0
DA:129,0
DA:130,0
DA:139,0
DA:143,0
DA:145,0
DA:149,0
DA:152,0
DA:154,0
DA:155,0
DA:157,0
DA:159,0
DA:160,0
LF:72
LH:1
end_of_record
SF:lib/screens/organization_details/widgets/edit_popup_widgets/tile_card.dart
DA:7,0
DA:9,0
DA:11,0
DA:15,0
DA:21,0
DA:22,0
DA:23,0
DA:24,0
DA:29,0
DA:31,0
DA:34,0
DA:35,0
DA:36,0
DA:37,0
DA:38,0
DA:45,0
LF:16
LH:0
end_of_record
SF:lib/screens/organization_details/widgets/organization_edit_form.dart
DA:15,0
DA:24,0
DA:26,0
DA:27,0
DA:28,0
DA:30,0
DA:38,0
DA:40,0
DA:42,0
DA:44,0
DA:46,0
DA:48,0
DA:55,0
DA:56,0
DA:57,0
DA:58,0
DA:59,0
DA:61,0
DA:67,0
DA:69,0
DA:72,0
DA:73,0
DA:75,0
DA:83,0
DA:87,0
DA:88,0
DA:89,0
DA:90,0
DA:92,0
DA:100,0
DA:101,0
DA:103,0
DA:104,0
DA:106,0
DA:114,0
DA:115,0
DA:116,0
DA:117,0
DA:118,0
DA:120,0
DA:127,0
DA:128,0
DA:130,0
DA:139,0
DA:140,0
DA:142,0
DA:148,0
DA:154,0
DA:155,0
DA:156,0
DA:157,0
DA:160,0
DA:162,0
DA:167,0
DA:168,0
DA:170,0
DA:171,0
DA:172,0
DA:173,0
DA:174,0
DA:176,0
DA:184,0
DA:190,0
DA:192,0
DA:193,0
DA:194,0
DA:195,0
DA:196,0
DA:197,0
DA:202,0
DA:205,0
DA:207,0
DA:213,0
DA:215,0
DA:217,0
LF:75
LH:0
end_of_record
SF:lib/screens/organization_details/widgets/organization_edit_popup.dart
DA:32,0
DA:39,0
DA:40,0
DA:44,0
DA:46,0
DA:48,0
DA:49,0
DA:52,0
DA:54,0
DA:55,0
DA:56,0
DA:58,0
DA:61,0
DA:63,0
DA:64,0
DA:66,0
DA:68,0
DA:69,0
DA:71,0
DA:74,0
DA:76,0
DA:77,0
DA:78,0
DA:81,0
DA:82,0
LF:25
LH:0
end_of_record
SF:lib/screens/organization_details/widgets/organization_info_panel.dart
DA:10,0
DA:16,0
DA:18,0
DA:20,0
DA:21,0
DA:22,0
DA:26,0
DA:27,0
DA:28,0
DA:29,0
DA:34,0
DA:36,0
DA:38,0
DA:39,0
DA:50,0
DA:51,0
DA:59,0
DA:60,0
DA:61,0
DA:64,0
DA:66,0
DA:67,0
DA:68,0
DA:69,0
DA:70,0
DA:73,0
DA:77,0
DA:78,0
DA:79,0
DA:82,0
DA:88,0
DA:91,0
DA:93,0
LF:33
LH:0
end_of_record
SF:lib/screens/organization_registration/organization_registration_cubit.dart
DA:43,0
DA:44,0
DA:45,0
DA:48,0
DA:49,0
DA:53,0
DA:54,0
DA:58,0
DA:59,0
DA:63,0
DA:64,0
DA:70,0
DA:71,0
DA:72,0
DA:73,0
DA:75,0
DA:76,0
DA:80,0
DA:81,0
DA:83,0
DA:84,0
DA:85,0
DA:86,0
DA:87,0
DA:88,0
DA:89,0
DA:90,0
DA:93,0
DA:96,0
DA:100,0
DA:102,0
DA:105,0
DA:106,0
DA:107,0
DA:114,0
DA:116,0
DA:117,0
DA:118,0
DA:119,0
DA:120,0
DA:121,0
LF:41
LH:0
end_of_record
SF:lib/screens/organization_registration/organization_registration_state.dart
DA:21,32
DA:29,0
DA:34,0
DA:40,0
DA:41,0
DA:42,0
DA:43,0
DA:44,0
LF:8
LH:1
end_of_record
SF:lib/screens/register/register_cubit.dart
DA:16,0
DA:19,0
DA:20,0
DA:24,0
DA:25,0
DA:31,0
DA:33,0
DA:37,0
DA:38,0
DA:39,0
DA:43,0
DA:44,0
DA:55,0
LF:13
LH:0
end_of_record
SF:lib/screens/register/register_state.dart
DA:25,32
DA:34,0
DA:41,0
DA:42,0
DA:43,0
DA:44,0
DA:45,0
DA:46,0
DA:50,0
DA:51,0
LF:10
LH:1
end_of_record
SF:lib/utils/fetch_doctors.dart
DA:20,1
DA:26,2
DA:32,2
DA:35,1
DA:36,2
DA:42,1
DA:43,1
DA:44,1
DA:45,1
DA:50,1
DA:51,2
DA:57,1
DA:64,1
DA:67,2
DA:68,1
LF:15
LH:15
end_of_record
SF:lib/animation/animated_logo.dart
DA:4,1
DA:6,1
DA:7,1
DA:15,1
DA:17,1
DA:20,2
DA:23,1
DA:26,3
DA:27,1
DA:28,1
DA:34,1
DA:36,2
DA:37,1
DA:40,1
DA:42,1
DA:43,1
DA:44,1
DA:50,1
LF:18
LH:18
end_of_record
